0 info it worked if it ends with ok
1 verbose cli [ '/home/d/Downloads/iojs-v3.3.1-linux-x64/bin/iojs',
1 verbose cli   '/usr/local/bin/npm',
1 verbose cli   'publish' ]
2 info using npm@3.3.8
3 info using node@v3.3.1
4 verbose publish [ '.' ]
5 silly cache add args [ '.', null ]
6 verbose cache add spec .
7 silly cache add parsed spec Result {
7 silly cache add   raw: '.',
7 silly cache add   scope: null,
7 silly cache add   name: null,
7 silly cache add   rawSpec: '.',
7 silly cache add   spec: '/mnt/B/Javascript_Monads/__acc_Zone_29/js-monads',
7 silly cache add   type: 'directory' }
8 verbose addLocalDirectory /home/d/.npm/js-monads/0.1.0/package.tgz not in flight; packing
9 info lifecycle js-monads@0.1.0~prepublish: js-monads@0.1.0
10 silly lifecycle js-monads@0.1.0~prepublish: no script for prepublish, continuing
11 verbose tar pack [ '/home/d/.npm/js-monads/0.1.0/package.tgz',
11 verbose tar pack   '/mnt/B/Javascript_Monads/__acc_Zone_29/js-monads' ]
12 verbose tarball /home/d/.npm/js-monads/0.1.0/package.tgz
13 verbose folder /mnt/B/Javascript_Monads/__acc_Zone_29/js-monads
14 verbose addLocalTarball adding from inside cache /home/d/.npm/js-monads/0.1.0/package.tgz
15 silly cache afterAdd js-monads@0.1.0
16 verbose afterAdd /home/d/.npm/js-monads/0.1.0/package/package.json not in flight; writing
17 verbose afterAdd /home/d/.npm/js-monads/0.1.0/package/package.json written
18 silly publish { name: 'js-monads',
18 silly publish   version: '0.1.0',
18 silly publish   description: '',
18 silly publish   main: 'src/index.js',
18 silly publish   scripts: { test: 'echo "Error: no test specified" && exit 1' },
18 silly publish   repository:
18 silly publish    { type: 'git',
18 silly publish      url: 'git+https://github.com/dschalk/js-monads.git' },
18 silly publish   author:
18 silly publish    { name: 'David Schalk',
18 silly publish      email: 'davidschalk42@gmail.com',
18 silly publish      url: 'https://github.com/dschalk' },
18 silly publish   license: 'MIT',
18 silly publish   bugs: { url: 'https://github.com/dschalk/js-monads/issues' },
18 silly publish   homepage: 'https://github.com/dschalk/js-monads#readme',
18 silly publish   readme: '# js-monads',
18 silly publish   readmeFilename: 'README.md',
18 silly publish   gitHead: 'f812d4569547c6d8c3a1d4e290fceba7c0de73b6',
18 silly publish   _id: 'js-monads@0.1.0',
18 silly publish   _shasum: '09bdea38947df308a7b99bcf9a2f2d78aa60c943',
18 silly publish   _from: '.' }
19 verbose getPublishConfig undefined
20 silly mapToRegistry name js-monads
21 silly mapToRegistry using default registry
22 silly mapToRegistry registry https://registry.npmjs.org/
23 silly mapToRegistry uri https://registry.npmjs.org/js-monads
24 verbose publish registryBase https://registry.npmjs.org/
25 silly publish uploading /home/d/.npm/js-monads/0.1.0/package.tgz
26 verbose request uri https://registry.npmjs.org/js-monads
27 verbose request sending authorization for write operation
28 info attempt registry request try #1 at 7:54:05 AM
29 verbose request using bearer token for auth
30 verbose request id 00462195a4ac1124
31 http request PUT https://registry.npmjs.org/js-monads
32 http 403 https://registry.npmjs.org/js-monads
33 verbose headers { 'content-type': 'application/json',
33 verbose headers   'cache-control': 'max-age=300',
33 verbose headers   'content-length': '95',
33 verbose headers   'accept-ranges': 'bytes',
33 verbose headers   date: 'Sun, 21 Feb 2016 12:54:07 GMT',
33 verbose headers   via: '1.1 varnish',
33 verbose headers   connection: 'keep-alive',
33 verbose headers   'x-served-by': 'cache-ord1725-ORD',
33 verbose headers   'x-cache': 'MISS',
33 verbose headers   'x-cache-hits': '0',
33 verbose headers   'x-timer': 'S1456059246.463988,VS0,VE751' }
34 verbose request invalidating /home/d/.npm/registry.npmjs.org/js-monads on PUT
35 error publish Failed PUT 403
36 verbose stack Error: "You cannot publish over the previously published version 0.1.0." : js-monads
36 verbose stack     at makeError (/home/d/Downloads/iojs-v3.3.1-linux-x64/lib/node_modules/npm/node_modules/npm-registry-client/lib/request.js:264:12)
36 verbose stack     at CachingRegistryClient.<anonymous> (/home/d/Downloads/iojs-v3.3.1-linux-x64/lib/node_modules/npm/node_modules/npm-registry-client/lib/request.js:252:14)
36 verbose stack     at Request._callback (/home/d/Downloads/iojs-v3.3.1-linux-x64/lib/node_modules/npm/node_modules/npm-registry-client/lib/request.js:172:14)
36 verbose stack     at Request.self.callback (/home/d/Downloads/iojs-v3.3.1-linux-x64/lib/node_modules/npm/node_modules/request/request.js:198:22)
36 verbose stack     at emitTwo (events.js:87:13)
36 verbose stack     at Request.emit (events.js:172:7)
36 verbose stack     at Request.<anonymous> (/home/d/Downloads/iojs-v3.3.1-linux-x64/lib/node_modules/npm/node_modules/request/request.js:1063:14)
36 verbose stack     at emitOne (events.js:82:20)
36 verbose stack     at Request.emit (events.js:169:7)
36 verbose stack     at IncomingMessage.<anonymous> (/home/d/Downloads/iojs-v3.3.1-linux-x64/lib/node_modules/npm/node_modules/request/request.js:1009:12)
37 verbose statusCode 403
38 verbose pkgid js-monads
39 verbose cwd /mnt/B/Javascript_Monads/__acc_Zone_29/js-monads
40 error Linux 3.16.0-37-generic
41 error argv "/home/d/Downloads/iojs-v3.3.1-linux-x64/bin/iojs" "/usr/local/bin/npm" "publish"
42 error node v3.3.1
43 error npm  v3.3.8
44 error code E403
45 error "You cannot publish over the previously published version 0.1.0." : js-monads
46 error If you need help, you may report this error at:
46 error     <https://github.com/npm/npm/issues>
47 verbose exit [ 1, true ]
